2024-03-03T17:00:17.949+02:00  WARN 32709 --- [main] o.h.e.j.e.i.JdbcEnvironmentInitiator     : HHH000342: Could not obtain connection to query metadata

org.postgresql.util.PSQLException: FATAL: too many connections for role "bkqrahmf"
	at org.postgresql.core.v3.QueryExecutorImpl.receiveErrorResponse(QueryExecutorImpl.java:2676) ~[postgresql-42.5.1.jar:42.5.1]
	at org.postgresql.core.v3.QueryExecutorImpl.readStartupMessages(QueryExecutorImpl.java:2788) ~[postgresql-42.5.1.jar:42.5.1]
	at org.postgresql.core.v3.QueryExecutorImpl.<init>(QueryExecutorImpl.java:174) ~[postgresql-42.5.1.jar:42.5.1]
	at org.postgresql.core.v3.ConnectionFactoryImpl.openConnectionImpl(ConnectionFactoryImpl.java:290) ~[postgresql-42.5.1.jar:42.5.1]
	at org.postgresql.core.ConnectionFactory.openConnection(ConnectionFactory.java:49) ~[postgresql-42.5.1.jar:42.5.1]
	at org.postgresql.jdbc.PgConnection.<init>(PgConnection.java:247) ~[postgresql-42.5.1.jar:42.5.1]
	at org.postgresql.Driver.makeConnection(Driver.java:434) ~[postgresql-42.5.1.jar:42.5.1]
	at org.postgresql.Driver.connect(Driver.java:291) ~[postgresql-42.5.1.jar:42.5.1]
	at com.zaxxer.hikari.util.DriverDataSource.getConnection(DriverDataSource.java:138) ~[HikariCP-5.0.1.jar:na]
	at com.zaxxer.hikari.pool.PoolBase.newConnection(PoolBase.java:359) ~[HikariCP-5.0.1.jar:na]
	at com.zaxxer.hikari.pool.PoolBase.newPoolEntry(PoolBase.java:201) ~[HikariCP-5.0.1.jar:na]
	at com.zaxxer.hikari.pool.HikariPool.createPoolEntry(HikariPool.java:470) ~[HikariCP-5.0.1.jar:na]
	at com.zaxxer.hikari.pool.HikariPool.checkFailFast(HikariPool.java:561) ~[HikariCP-5.0.1.jar:na]
	at com.zaxxer.hikari.pool.HikariPool.<init>(HikariPool.java:100) ~[HikariCP-5.0.1.jar:na]
	at com.zaxxer.hikari.HikariDataSource.getConnection(HikariDataSource.java:112) ~[HikariCP-5.0.1.jar:na]
	at org.hibernate.engine.jdbc.connections.internal.DatasourceConnectionProviderImpl.getConnection(DatasourceConnectionProviderImpl.java:122) ~[hibernate-core-6.1.6.Final.jar:6.1.6.Final]
	at org.hibernate.engine.jdbc.env.internal.JdbcEnvironmentInitiator$ConnectionProviderJdbcConnectionAccess.obtainConnection(JdbcEnvironmentInitiator.java:284) ~[hibernate-core-6.1.6.Final.jar:6.1.6.Final]
	at org.hibernate.engine.jdbc.env.internal.JdbcEnvironmentInitiator.initiateService(JdbcEnvironmentInitiator.java:177) ~[hibernate-core-6.1.6.Final.jar:6.1.6.Final]
	at org.hibernate.engine.jdbc.env.internal.JdbcEnvironmentInitiator.initiateService(JdbcEnvironmentInitiator.java:36) ~[hibernate-core-6.1.6.Final.jar:6.1.6.Final]
	at org.hibernate.boot.registry.internal.StandardServiceRegistryImpl.initiateService(StandardServiceRegistryImpl.java:119) ~[hibernate-core-6.1.6.Final.jar:6.1.6.Final]
	at org.hibernate.service.internal.AbstractServiceRegistryImpl.createService(AbstractServiceRegistryImpl.java:255) ~[hibernate-core-6.1.6.Final.jar:6.1.6.Final]
	at org.hibernate.service.internal.AbstractServiceRegistryImpl.initializeService(AbstractServiceRegistryImpl.java:230) ~[hibernate-core-6.1.6.Final.jar:6.1.6.Final]
	at org.hibernate.service.internal.AbstractServiceRegistryImpl.getService(AbstractServiceRegistryImpl.java:207) ~[hibernate-core-6.1.6.Final.jar:6.1.6.Final]
	at org.hibernate.boot.model.relational.Database.<init>(Database.java:44) ~[hibernate-core-6.1.6.Final.jar:6.1.6.Final]
	at org.hibernate.boot.internal.InFlightMetadataCollectorImpl.getDatabase(InFlightMetadataCollectorImpl.java:218) ~[hibernate-core-6.1.6.Final.jar:6.1.6.Final]
	at org.hibernate.boot.internal.InFlightMetadataCollectorImpl.<init>(InFlightMetadataCollectorImpl.java:191) ~[hibernate-core-6.1.6.Final.jar:6.1.6.Final]
	at org.hibernate.boot.model.process.spi.MetadataBuildingProcess.complete(MetadataBuildingProcess.java:138) ~[hibernate-core-6.1.6.Final.jar:6.1.6.Final]
	at org.hibernate.jpa.boot.internal.EntityManagerFactoryBuilderImpl.metadata(EntityManagerFactoryBuilderImpl.java:1350) ~[hibernate-core-6.1.6.Final.jar:6.1.6.Final]
	at org.hibernate.jpa.boot.internal.EntityManagerFactoryBuilderImpl.build(EntityManagerFactoryBuilderImpl.java:1421) ~[hibernate-core-6.1.6.Final.jar:6.1.6.Final]
	at org.springframework.orm.jpa.vendor.SpringHibernateJpaPersistenceProvider.createContainerEntityManagerFactory(SpringHibernateJpaPersistenceProvider.java:66) ~[spring-orm-6.0.4.jar:6.0.4]
	at org.springframework.orm.jpa.LocalContainerEntityManagerFactoryBean.createNativeEntityManagerFactory(LocalContainerEntityManagerFactoryBean.java:376) ~[spring-orm-6.0.4.jar:6.0.4]
	at org.springframework.orm.jpa.AbstractEntityManagerFactoryBean.buildNativeEntityManagerFactory(AbstractEntityManagerFactoryBean.java:409) ~[spring-orm-6.0.4.jar:6.0.4]
	at org.springframework.orm.jpa.AbstractEntityManagerFactoryBean.afterPropertiesSet(AbstractEntityManagerFactoryBean.java:396) ~[spring-orm-6.0.4.jar:6.0.4]
	at org.springframework.orm.jpa.LocalContainerEntityManagerFactoryBean.afterPropertiesSet(LocalContainerEntityManagerFactoryBean.java:352) ~[spring-orm-6.0.4.jar:6.0.4]
	at org.springframework.beans.factory.support.AbstractAutowireCapableBeanFactory.invokeInitMethods(AbstractAutowireCapableBeanFactory.java:1797) ~[spring-beans-6.0.4.jar:6.0.4]
	at org.springframework.beans.factory.support.AbstractAutowireCapableBeanFactory.initializeBean(AbstractAutowireCapableBeanFactory.java:1747) ~[spring-beans-6.0.4.jar:6.0.4]
	at org.springframework.beans.factory.support.AbstractAutowireCapableBeanFactory.doCreateBean(AbstractAutowireCapableBeanFactory.java:599) ~[spring-beans-6.0.4.jar:6.0.4]
	at org.springframework.beans.factory.support.AbstractAutowireCapableBeanFactory.createBean(AbstractAutowireCapableBeanFactory.java:521) ~[spring-beans-6.0.4.jar:6.0.4]
	at org.springframework.beans.factory.support.AbstractBeanFactory.lambda$doGetBean$0(AbstractBeanFactory.java:326) ~[spring-beans-6.0.4.jar:6.0.4]
	at org.springframework.beans.factory.support.DefaultSingletonBeanRegistry.getSingleton(DefaultSingletonBeanRegistry.java:234) ~[spring-beans-6.0.4.jar:6.0.4]
	at org.springframework.beans.factory.support.AbstractBeanFactory.doGetBean(AbstractBeanFactory.java:324) ~[spring-beans-6.0.4.jar:6.0.4]
	at org.springframework.beans.factory.support.AbstractBeanFactory.getBean(AbstractBeanFactory.java:200) ~[spring-beans-6.0.4.jar:6.0.4]
	at org.springframework.context.support.AbstractApplicationContext.getBean(AbstractApplicationContext.java:1130) ~[spring-context-6.0.4.jar:6.0.4]
	at org.springframework.context.support.AbstractApplicationContext.finishBeanFactoryInitialization(AbstractApplicationContext.java:905) ~[spring-context-6.0.4.jar:6.0.4]
	at org.springframework.context.support.AbstractApplicationContext.refresh(AbstractApplicationContext.java:584) ~[spring-context-6.0.4.jar:6.0.4]
	at org.springframework.boot.SpringApplication.refresh(SpringApplication.java:730) ~[spring-boot-3.0.2.jar:3.0.2]
	at org.springframework.boot.SpringApplication.refreshContext(SpringApplication.java:432) ~[spring-boot-3.0.2.jar:3.0.2]
	at org.springframework.boot.SpringApplication.run(SpringApplication.java:308) ~[spring-boot-3.0.2.jar:3.0.2]
	at org.springframework.boot.test.context.SpringBootContextLoader.lambda$loadContext$3(SpringBootContextLoader.java:137) ~[spring-boot-test-3.0.2.jar:3.0.2]
	at org.springframework.util.function.ThrowingSupplier.get(ThrowingSupplier.java:59) ~[spring-core-6.0.4.jar:6.0.4]
	at org.springframework.util.function.ThrowingSupplier.get(ThrowingSupplier.java:47) ~[spring-core-6.0.4.jar:6.0.4]
	at org.springframework.boot.SpringApplication.withHook(SpringApplication.java:1386) ~[spring-boot-3.0.2.jar:3.0.2]
	at org.springframework.boot.test.context.SpringBootContextLoader$ContextLoaderHook.run(SpringBootContextLoader.java:543) ~[spring-boot-test-3.0.2.jar:3.0.2]
	at org.springframework.boot.test.context.SpringBootContextLoader.loadContext(SpringBootContextLoader.java:137) ~[spring-boot-test-3.0.2.jar:3.0.2]
	at org.springframework.boot.test.context.SpringBootContextLoader.loadContext(SpringBootContextLoader.java:108) ~[spring-boot-test-3.0.2.jar:3.0.2]
	at org.springframework.test.context.cache.DefaultCacheAwareContextLoaderDelegate.loadContextInternal(DefaultCacheAwareContextLoaderDelegate.java:184) ~[spring-test-6.0.4.jar:6.0.4]
	at org.springframework.test.context.cache.DefaultCacheAwareContextLoaderDelegate.loadContext(DefaultCacheAwareContextLoaderDelegate.java:118) ~[spring-test-6.0.4.jar:6.0.4]
	at org.springframework.test.context.support.DefaultTestContext.getApplicationContext(DefaultTestContext.java:127) ~[spring-test-6.0.4.jar:6.0.4]
	at org.springframework.test.context.web.ServletTestExecutionListener.setUpRequestContextIfNecessary(ServletTestExecutionListener.java:191) ~[spring-test-6.0.4.jar:6.0.4]
	at org.springframework.test.context.web.ServletTestExecutionListener.prepareTestInstance(ServletTestExecutionListener.java:130) ~[spring-test-6.0.4.jar:6.0.4]
	at org.springframework.test.context.TestContextManager.prepareTestInstance(TestContextManager.java:241) ~[spring-test-6.0.4.jar:6.0.4]
	at org.springframework.test.context.junit4.SpringJUnit4ClassRunner.createTest(SpringJUnit4ClassRunner.java:228) ~[spring-test-6.0.4.jar:6.0.4]
	at org.springframework.test.context.junit4.SpringJUnit4ClassRunner$1.runReflectiveCall(SpringJUnit4ClassRunner.java:289) ~[spring-test-6.0.4.jar:6.0.4]
	at org.junit.internal.runners.model.ReflectiveCallable.run(ReflectiveCallable.java:12) ~[junit-4.13.2.jar:4.13.2]
	at org.springframework.test.context.junit4.SpringJUnit4ClassRunner.methodBlock(SpringJUnit4ClassRunner.java:291) ~[spring-test-6.0.4.jar:6.0.4]
	at org.springframework.test.context.junit4.SpringJUnit4ClassRunner.runChild(SpringJUnit4ClassRunner.java:247) ~[spring-test-6.0.4.jar:6.0.4]
	at org.springframework.test.context.junit4.SpringJUnit4ClassRunner.runChild(SpringJUnit4ClassRunner.java:97) ~[spring-test-6.0.4.jar:6.0.4]
	at org.junit.runners.ParentRunner$4.run(ParentRunner.java:331) ~[junit-4.13.2.jar:4.13.2]
	at org.junit.runners.ParentRunner$1.schedule(ParentRunner.java:79) ~[junit-4.13.2.jar:4.13.2]
	at org.junit.runners.ParentRunner.runChildren(ParentRunner.java:329) ~[junit-4.13.2.jar:4.13.2]
	at org.junit.runners.ParentRunner.access$100(ParentRunner.java:66) ~[junit-4.13.2.jar:4.13.2]
	at org.junit.runners.ParentRunner$2.evaluate(ParentRunner.java:293) ~[junit-4.13.2.jar:4.13.2]
	at org.springframework.test.context.junit4.statements.RunBeforeTestClassCallbacks.evaluate(RunBeforeTestClassCallbacks.java:61) ~[spring-test-6.0.4.jar:6.0.4]
	at org.springframework.test.context.junit4.statements.RunAfterTestClassCallbacks.evaluate(RunAfterTestClassCallbacks.java:70) ~[spring-test-6.0.4.jar:6.0.4]
	at org.junit.runners.ParentRunner$3.evaluate(ParentRunner.java:306) ~[junit-4.13.2.jar:4.13.2]
	at org.junit.runners.ParentRunner.run(ParentRunner.java:413) ~[junit-4.13.2.jar:4.13.2]
	at org.springframework.test.context.junit4.SpringJUnit4ClassRunner.run(SpringJUnit4ClassRunner.java:191) ~[spring-test-6.0.4.jar:6.0.4]
	at org.junit.runner.JUnitCore.run(JUnitCore.java:137) ~[junit-4.13.2.jar:4.13.2]
	at com.intellij.junit4.JUnit4IdeaTestRunner.startRunnerWithArgs(JUnit4IdeaTestRunner.java:69) ~[junit-rt.jar:na]
	at com.intellij.rt.junit.IdeaTestRunner$Repeater$1.execute(IdeaTestRunner.java:38) ~[junit-rt.jar:na]
	at com.intellij.rt.execution.junit.TestsRepeater.repeat(TestsRepeater.java:11) ~[idea_rt.jar:na]
	at com.intellij.rt.junit.IdeaTestRunner$Repeater.startRunnerWithArgs(IdeaTestRunner.java:35) ~[junit-rt.jar:na]
	at com.intellij.rt.junit.JUnitStarter.prepareStreamsAndStart(JUnitStarter.java:232) ~[junit-rt.jar:na]
	at com.intellij.rt.junit.JUnitStarter.main(JUnitStarter.java:55) ~[junit-rt.jar:na]

2024-03-03T17:00:17.962+02:00 ERROR 32709 --- [main] j.LocalContainerEntityManagerFactoryBean : Failed to initialize JPA EntityManagerFactory: Unable to create requested service [org.hibernate.engine.jdbc.env.spi.JdbcEnvironment]
2024-03-03T17:00:17.963+02:00  WARN 32709 --- [main] o.s.w.c.s.GenericWebApplicationContext   : Exception encountered during context initialization - cancelling refresh attempt: org.springframework.beans.factory.BeanCreationException: Error creating bean with name 'entityManagerFactory' defined in class path resource [org/springframework/boot/autoconfigure/orm/jpa/HibernateJpaConfiguration.class]: Unable to create requested service [org.hibernate.engine.jdbc.env.spi.JdbcEnvironment]
2024-03-03T22:17:03.076+02:00  INFO 44068 --- [main] com.irembo.test.IremboTestApplication    : Starting IremboTestApplication using Java 17.0.10 with PID 44068 (/Users/a1234/Desktop/projects/irembo-project-backend/target/classes started by a1234 in /Users/a1234/Desktop/projects/irembo-project-backend)
2024-03-03T22:17:03.078+02:00  INFO 44068 --- [main] com.irembo.test.IremboTestApplication    : No active profile set, falling back to 1 default profile: "default"
2024-03-03T22:17:03.753+02:00  INFO 44068 --- [main] .s.d.r.c.RepositoryConfigurationDelegate : Bootstrapping Spring Data JPA repositories in DEFAULT mode.
2024-03-03T22:17:03.839+02:00  INFO 44068 --- [main] .s.d.r.c.RepositoryConfigurationDelegate : Finished Spring Data repository scanning in 62 ms. Found 2 JPA repository interfaces.
2024-03-03T22:17:04.459+02:00  INFO 44068 --- [main] o.s.b.w.embedded.tomcat.TomcatWebServer  : Tomcat initialized with port(s): 8080 (http)
2024-03-03T22:17:04.480+02:00  INFO 44068 --- [main] o.apache.catalina.core.StandardService   : Starting service [Tomcat]
2024-03-03T22:17:04.480+02:00  INFO 44068 --- [main] o.apache.catalina.core.StandardEngine    : Starting Servlet engine: [Apache Tomcat/10.1.5]
2024-03-03T22:17:04.628+02:00  INFO 44068 --- [main] o.a.c.c.C.[Tomcat].[localhost].[/api]    : Initializing Spring embedded WebApplicationContext
2024-03-03T22:17:04.628+02:00  INFO 44068 --- [main] w.s.c.ServletWebServerApplicationContext : Root WebApplicationContext: initialization completed in 1508 ms
2024-03-03T22:17:04.774+02:00  INFO 44068 --- [main] o.hibernate.jpa.internal.util.LogHelper  : HHH000204: Processing PersistenceUnitInfo [name: default]
2024-03-03T22:17:04.864+02:00  INFO 44068 --- [main] org.hibernate.Version                    : HHH000412: Hibernate ORM core version 6.1.6.Final
2024-03-03T22:17:05.138+02:00  WARN 44068 --- [main] org.hibernate.orm.deprecation            : HHH90000021: Encountered deprecated setting [javax.persistence.sharedCache.mode], use [jakarta.persistence.sharedCache.mode] instead
2024-03-03T22:17:05.325+02:00  INFO 44068 --- [main] com.zaxxer.hikari.HikariDataSource       : HikariPool-1 - Starting...
2024-03-03T22:17:09.906+02:00  INFO 44068 --- [main] com.zaxxer.hikari.pool.HikariPool        : HikariPool-1 - Added connection org.postgresql.jdbc.PgConnection@207dd1b7
2024-03-03T22:17:09.909+02:00  INFO 44068 --- [main] com.zaxxer.hikari.HikariDataSource       : HikariPool-1 - Start completed.
2024-03-03T22:17:10.835+02:00  INFO 44068 --- [main] SQL dialect                              : HHH000400: Using dialect: org.hibernate.dialect.PostgreSQLDialect
2024-03-03T22:17:14.328+02:00  INFO 44068 --- [main] o.h.e.t.j.p.i.JtaPlatformInitiator       : HHH000490: Using JtaPlatform implementation: [org.hibernate.engine.transaction.jta.platform.internal.NoJtaPlatform]
2024-03-03T22:17:14.348+02:00  INFO 44068 --- [main] j.LocalContainerEntityManagerFactoryBean : Initialized JPA EntityManagerFactory for persistence unit 'default'
2024-03-03T22:17:14.795+02:00  WARN 44068 --- [main] JpaBaseConfiguration$JpaWebConfiguration : spring.jpa.open-in-view is enabled by default. Therefore, database queries may be performed during view rendering. Explicitly configure spring.jpa.open-in-view to disable this warning
2024-03-03T22:17:15.042+02:00  INFO 44068 --- [main] o.s.s.web.DefaultSecurityFilterChain     : Will secure any request with [org.springframework.security.web.session.DisableEncodeUrlFilter@790d629a, org.springframework.security.web.context.request.async.WebAsyncManagerIntegrationFilter@346e5cc, org.springframework.security.web.context.SecurityContextHolderFilter@5d515e2c, org.springframework.security.web.header.HeaderWriterFilter@70b630d, org.springframework.web.filter.CorsFilter@2cd2c764, org.springframework.security.web.authentication.logout.LogoutFilter@511a307e, com.irembo.test.security.JwtAuthenticationFilter@687f62a5, org.springframework.security.web.savedrequest.RequestCacheAwareFilter@4d3a7f83, org.springframework.security.web.servletapi.SecurityContextHolderAwareRequestFilter@6127ef86, org.springframework.security.web.authentication.AnonymousAuthenticationFilter@d17d554, org.springframework.security.web.session.SessionManagementFilter@2a349a73, org.springframework.security.web.access.ExceptionTranslationFilter@1756a471, org.springframework.security.web.access.intercept.AuthorizationFilter@47fc9ce]
2024-03-03T22:17:15.235+02:00  INFO 44068 --- [main] o.s.b.w.embedded.tomcat.TomcatWebServer  : Tomcat started on port(s): 8080 (http) with context path '/api'
2024-03-03T22:17:15.242+02:00  INFO 44068 --- [main] com.irembo.test.IremboTestApplication    : Started IremboTestApplication in 12.672 seconds (process running for 13.011)
2024-03-03T22:17:33.032+02:00  INFO 44068 --- [SpringApplicationShutdownHook] j.LocalContainerEntityManagerFactoryBean : Closing JPA EntityManagerFactory for persistence unit 'default'
2024-03-03T22:17:33.034+02:00  INFO 44068 --- [SpringApplicationShutdownHook] com.zaxxer.hikari.HikariDataSource       : HikariPool-1 - Shutdown initiated...
2024-03-03T22:17:35.903+02:00  INFO 44068 --- [SpringApplicationShutdownHook] com.zaxxer.hikari.HikariDataSource       : HikariPool-1 - Shutdown completed.
2024-03-03T22:17:44.867+02:00  INFO 44114 --- [main] com.irembo.test.IremboTestApplication    : Starting IremboTestApplication using Java 17.0.10 with PID 44114 (/Users/a1234/Desktop/projects/irembo-project-backend/target/classes started by a1234 in /Users/a1234/Desktop/projects/irembo-project-backend)
2024-03-03T22:17:44.869+02:00  INFO 44114 --- [main] com.irembo.test.IremboTestApplication    : No active profile set, falling back to 1 default profile: "default"
2024-03-03T22:17:45.445+02:00  INFO 44114 --- [main] .s.d.r.c.RepositoryConfigurationDelegate : Bootstrapping Spring Data JPA repositories in DEFAULT mode.
2024-03-03T22:17:45.502+02:00  INFO 44114 --- [main] .s.d.r.c.RepositoryConfigurationDelegate : Finished Spring Data repository scanning in 48 ms. Found 2 JPA repository interfaces.
2024-03-03T22:17:46.021+02:00  INFO 44114 --- [main] o.s.b.w.embedded.tomcat.TomcatWebServer  : Tomcat initialized with port(s): 8080 (http)
2024-03-03T22:17:46.049+02:00  INFO 44114 --- [main] o.apache.catalina.core.StandardService   : Starting service [Tomcat]
2024-03-03T22:17:46.050+02:00  INFO 44114 --- [main] o.apache.catalina.core.StandardEngine    : Starting Servlet engine: [Apache Tomcat/10.1.5]
2024-03-03T22:17:46.129+02:00  INFO 44114 --- [main] o.a.c.c.C.[Tomcat].[localhost].[/api]    : Initializing Spring embedded WebApplicationContext
2024-03-03T22:17:46.130+02:00  INFO 44114 --- [main] w.s.c.ServletWebServerApplicationContext : Root WebApplicationContext: initialization completed in 1219 ms
2024-03-03T22:17:46.260+02:00  INFO 44114 --- [main] o.hibernate.jpa.internal.util.LogHelper  : HHH000204: Processing PersistenceUnitInfo [name: default]
2024-03-03T22:17:46.323+02:00  INFO 44114 --- [main] org.hibernate.Version                    : HHH000412: Hibernate ORM core version 6.1.6.Final
2024-03-03T22:17:46.519+02:00  WARN 44114 --- [main] org.hibernate.orm.deprecation            : HHH90000021: Encountered deprecated setting [javax.persistence.sharedCache.mode], use [jakarta.persistence.sharedCache.mode] instead
2024-03-03T22:17:46.643+02:00  INFO 44114 --- [main] com.zaxxer.hikari.HikariDataSource       : HikariPool-1 - Starting...
2024-03-03T22:17:50.965+02:00  INFO 44114 --- [main] com.zaxxer.hikari.pool.HikariPool        : HikariPool-1 - Added connection org.postgresql.jdbc.PgConnection@207dd1b7
2024-03-03T22:17:50.967+02:00  INFO 44114 --- [main] com.zaxxer.hikari.HikariDataSource       : HikariPool-1 - Start completed.
2024-03-03T22:17:51.889+02:00  INFO 44114 --- [main] SQL dialect                              : HHH000400: Using dialect: org.hibernate.dialect.PostgreSQLDialect
2024-03-03T22:17:55.270+02:00  INFO 44114 --- [main] o.h.e.t.j.p.i.JtaPlatformInitiator       : HHH000490: Using JtaPlatform implementation: [org.hibernate.engine.transaction.jta.platform.internal.NoJtaPlatform]
2024-03-03T22:17:55.286+02:00  INFO 44114 --- [main] j.LocalContainerEntityManagerFactoryBean : Initialized JPA EntityManagerFactory for persistence unit 'default'
2024-03-03T22:17:55.697+02:00  WARN 44114 --- [main] JpaBaseConfiguration$JpaWebConfiguration : spring.jpa.open-in-view is enabled by default. Therefore, database queries may be performed during view rendering. Explicitly configure spring.jpa.open-in-view to disable this warning
2024-03-03T22:17:55.924+02:00  INFO 44114 --- [main] o.s.s.web.DefaultSecurityFilterChain     : Will secure any request with [org.springframework.security.web.session.DisableEncodeUrlFilter@54780c40, org.springframework.security.web.context.request.async.WebAsyncManagerIntegrationFilter@6ac83e67, org.springframework.security.web.context.SecurityContextHolderFilter@4b8cde43, org.springframework.security.web.header.HeaderWriterFilter@7eea934d, org.springframework.web.filter.CorsFilter@4d91d2da, org.springframework.security.web.authentication.logout.LogoutFilter@799fc4c9, com.irembo.test.security.JwtAuthenticationFilter@687f62a5, org.springframework.security.web.savedrequest.RequestCacheAwareFilter@6f7c4e0, org.springframework.security.web.servletapi.SecurityContextHolderAwareRequestFilter@31b7112d, org.springframework.security.web.authentication.AnonymousAuthenticationFilter@12811f95, org.springframework.security.web.session.SessionManagementFilter@23cb8fcb, org.springframework.security.web.access.ExceptionTranslationFilter@7fc5a558, org.springframework.security.web.access.intercept.AuthorizationFilter@483ed60e]
2024-03-03T22:17:56.085+02:00  INFO 44114 --- [main] o.s.b.w.embedded.tomcat.TomcatWebServer  : Tomcat started on port(s): 8080 (http) with context path '/api'
2024-03-03T22:17:56.093+02:00  INFO 44114 --- [main] com.irembo.test.IremboTestApplication    : Started IremboTestApplication in 11.611 seconds (process running for 11.904)
2024-03-03T22:27:31.480+02:00  INFO 44114 --- [SpringApplicationShutdownHook] j.LocalContainerEntityManagerFactoryBean : Closing JPA EntityManagerFactory for persistence unit 'default'
2024-03-03T22:27:31.486+02:00  INFO 44114 --- [SpringApplicationShutdownHook] com.zaxxer.hikari.HikariDataSource       : HikariPool-1 - Shutdown initiated...
2024-03-03T22:27:33.478+02:00  INFO 44114 --- [SpringApplicationShutdownHook] com.zaxxer.hikari.HikariDataSource       : HikariPool-1 - Shutdown completed.
2024-03-03T22:27:41.529+02:00  INFO 45064 --- [main] c.i.test.IremboTestApplicationTests      : Starting IremboTestApplicationTests using Java 17.0.10 with PID 45064 (started by a1234 in /Users/a1234/Desktop/projects/irembo-project-backend)
2024-03-03T22:27:41.531+02:00  INFO 45064 --- [main] c.i.test.IremboTestApplicationTests      : No active profile set, falling back to 1 default profile: "default"
2024-03-03T22:27:42.194+02:00  INFO 45064 --- [main] .s.d.r.c.RepositoryConfigurationDelegate : Bootstrapping Spring Data JPA repositories in DEFAULT mode.
2024-03-03T22:27:42.258+02:00  INFO 45064 --- [main] .s.d.r.c.RepositoryConfigurationDelegate : Finished Spring Data repository scanning in 55 ms. Found 2 JPA repository interfaces.
2024-03-03T22:27:42.741+02:00  INFO 45064 --- [main] o.hibernate.jpa.internal.util.LogHelper  : HHH000204: Processing PersistenceUnitInfo [name: default]
2024-03-03T22:27:42.799+02:00  INFO 45064 --- [main] org.hibernate.Version                    : HHH000412: Hibernate ORM core version 6.1.6.Final
2024-03-03T22:27:42.965+02:00  WARN 45064 --- [main] org.hibernate.orm.deprecation            : HHH90000021: Encountered deprecated setting [javax.persistence.sharedCache.mode], use [jakarta.persistence.sharedCache.mode] instead
2024-03-03T22:27:43.093+02:00  INFO 45064 --- [main] com.zaxxer.hikari.HikariDataSource       : HikariPool-1 - Starting...
2024-03-03T22:27:47.354+02:00  INFO 45064 --- [main] com.zaxxer.hikari.pool.HikariPool        : HikariPool-1 - Added connection org.postgresql.jdbc.PgConnection@57c69937
2024-03-03T22:27:47.355+02:00  INFO 45064 --- [main] com.zaxxer.hikari.HikariDataSource       : HikariPool-1 - Start completed.
2024-03-03T22:27:48.288+02:00  INFO 45064 --- [main] SQL dialect                              : HHH000400: Using dialect: org.hibernate.dialect.PostgreSQLDialect
2024-03-03T22:27:51.560+02:00  INFO 45064 --- [main] o.h.e.t.j.p.i.JtaPlatformInitiator       : HHH000490: Using JtaPlatform implementation: [org.hibernate.engine.transaction.jta.platform.internal.NoJtaPlatform]
2024-03-03T22:27:51.576+02:00  INFO 45064 --- [main] j.LocalContainerEntityManagerFactoryBean : Initialized JPA EntityManagerFactory for persistence unit 'default'
2024-03-03T22:27:52.200+02:00  WARN 45064 --- [main] JpaBaseConfiguration$JpaWebConfiguration : spring.jpa.open-in-view is enabled by default. Therefore, database queries may be performed during view rendering. Explicitly configure spring.jpa.open-in-view to disable this warning
2024-03-03T22:27:52.520+02:00  INFO 45064 --- [main] o.s.s.web.DefaultSecurityFilterChain     : Will secure any request with [org.springframework.security.web.session.DisableEncodeUrlFilter@4803bf73, org.springframework.security.web.context.request.async.WebAsyncManagerIntegrationFilter@13731ff4, org.springframework.security.web.context.SecurityContextHolderFilter@10ae002e, org.springframework.security.web.header.HeaderWriterFilter@251e2f4a, org.springframework.web.filter.CorsFilter@1ce8084a, org.springframework.security.web.authentication.logout.LogoutFilter@78f35e39, com.irembo.test.security.JwtAuthenticationFilter@7d0df326, org.springframework.security.web.savedrequest.RequestCacheAwareFilter@5d449307, org.springframework.security.web.servletapi.SecurityContextHolderAwareRequestFilter@736f2fb8, org.springframework.security.web.authentication.AnonymousAuthenticationFilter@61d24347, org.springframework.security.web.session.SessionManagementFilter@5d035ab6, org.springframework.security.web.access.ExceptionTranslationFilter@6b03c35c, org.springframework.security.web.access.intercept.AuthorizationFilter@67baa05]
2024-03-03T22:27:52.875+02:00  INFO 45064 --- [main] c.i.test.IremboTestApplicationTests      : Started IremboTestApplicationTests in 11.661 seconds (process running for 12.578)
2024-03-03T22:27:53.154+02:00  INFO 45064 --- [SpringApplicationShutdownHook] j.LocalContainerEntityManagerFactoryBean : Closing JPA EntityManagerFactory for persistence unit 'default'
2024-03-03T22:27:53.156+02:00  INFO 45064 --- [SpringApplicationShutdownHook] com.zaxxer.hikari.HikariDataSource       : HikariPool-1 - Shutdown initiated...
2024-03-03T22:27:56.324+02:00  INFO 45064 --- [SpringApplicationShutdownHook] com.zaxxer.hikari.HikariDataSource       : HikariPool-1 - Shutdown completed.
2024-03-03T22:33:14.660+02:00  INFO 45453 --- [main] com.irembo.test.IremboTestApplication    : Starting IremboTestApplication using Java 17.0.10 with PID 45453 (/Users/a1234/Desktop/projects/irembo-project-backend/target/classes started by a1234 in /Users/a1234/Desktop/projects/irembo-project-backend)
2024-03-03T22:33:14.663+02:00  INFO 45453 --- [main] com.irembo.test.IremboTestApplication    : No active profile set, falling back to 1 default profile: "default"
2024-03-03T22:33:15.380+02:00  INFO 45453 --- [main] .s.d.r.c.RepositoryConfigurationDelegate : Bootstrapping Spring Data JPA repositories in DEFAULT mode.
2024-03-03T22:33:15.438+02:00  INFO 45453 --- [main] .s.d.r.c.RepositoryConfigurationDelegate : Finished Spring Data repository scanning in 49 ms. Found 2 JPA repository interfaces.
2024-03-03T22:33:15.952+02:00  INFO 45453 --- [main] o.s.b.w.embedded.tomcat.TomcatWebServer  : Tomcat initialized with port(s): 8080 (http)
2024-03-03T22:33:15.964+02:00  INFO 45453 --- [main] o.apache.catalina.core.StandardService   : Starting service [Tomcat]
2024-03-03T22:33:15.965+02:00  INFO 45453 --- [main] o.apache.catalina.core.StandardEngine    : Starting Servlet engine: [Apache Tomcat/10.1.5]
2024-03-03T22:33:16.055+02:00  INFO 45453 --- [main] o.a.c.c.C.[Tomcat].[localhost].[/api]    : Initializing Spring embedded WebApplicationContext
2024-03-03T22:33:16.055+02:00  INFO 45453 --- [main] w.s.c.ServletWebServerApplicationContext : Root WebApplicationContext: initialization completed in 1336 ms
2024-03-03T22:33:16.177+02:00  INFO 45453 --- [main] o.hibernate.jpa.internal.util.LogHelper  : HHH000204: Processing PersistenceUnitInfo [name: default]
2024-03-03T22:33:16.243+02:00  INFO 45453 --- [main] org.hibernate.Version                    : HHH000412: Hibernate ORM core version 6.1.6.Final
2024-03-03T22:33:16.414+02:00  WARN 45453 --- [main] org.hibernate.orm.deprecation            : HHH90000021: Encountered deprecated setting [javax.persistence.sharedCache.mode], use [jakarta.persistence.sharedCache.mode] instead
2024-03-03T22:33:16.534+02:00  INFO 45453 --- [main] com.zaxxer.hikari.HikariDataSource       : HikariPool-1 - Starting...
2024-03-03T22:33:20.442+02:00  INFO 45453 --- [main] com.zaxxer.hikari.pool.HikariPool        : HikariPool-1 - Added connection org.postgresql.jdbc.PgConnection@207dd1b7
2024-03-03T22:33:20.445+02:00  INFO 45453 --- [main] com.zaxxer.hikari.HikariDataSource       : HikariPool-1 - Start completed.
2024-03-03T22:33:21.370+02:00  INFO 45453 --- [main] SQL dialect                              : HHH000400: Using dialect: org.hibernate.dialect.PostgreSQLDialect
2024-03-03T22:33:24.743+02:00  INFO 45453 --- [main] o.h.e.t.j.p.i.JtaPlatformInitiator       : HHH000490: Using JtaPlatform implementation: [org.hibernate.engine.transaction.jta.platform.internal.NoJtaPlatform]
2024-03-03T22:33:24.760+02:00  INFO 45453 --- [main] j.LocalContainerEntityManagerFactoryBean : Initialized JPA EntityManagerFactory for persistence unit 'default'
2024-03-03T22:33:25.237+02:00  WARN 45453 --- [main] JpaBaseConfiguration$JpaWebConfiguration : spring.jpa.open-in-view is enabled by default. Therefore, database queries may be performed during view rendering. Explicitly configure spring.jpa.open-in-view to disable this warning
2024-03-03T22:33:25.484+02:00  INFO 45453 --- [main] o.s.s.web.DefaultSecurityFilterChain     : Will secure any request with [org.springframework.security.web.session.DisableEncodeUrlFilter@54780c40, org.springframework.security.web.context.request.async.WebAsyncManagerIntegrationFilter@6ac83e67, org.springframework.security.web.context.SecurityContextHolderFilter@4b8cde43, org.springframework.security.web.header.HeaderWriterFilter@7eea934d, org.springframework.web.filter.CorsFilter@4d91d2da, org.springframework.security.web.authentication.logout.LogoutFilter@799fc4c9, com.irembo.test.security.JwtAuthenticationFilter@687f62a5, org.springframework.security.web.savedrequest.RequestCacheAwareFilter@6f7c4e0, org.springframework.security.web.servletapi.SecurityContextHolderAwareRequestFilter@31b7112d, org.springframework.security.web.authentication.AnonymousAuthenticationFilter@12811f95, org.springframework.security.web.session.SessionManagementFilter@23cb8fcb, org.springframework.security.web.access.ExceptionTranslationFilter@7fc5a558, org.springframework.security.web.access.intercept.AuthorizationFilter@483ed60e]
2024-03-03T22:33:25.650+02:00  INFO 45453 --- [main] o.s.b.w.embedded.tomcat.TomcatWebServer  : Tomcat started on port(s): 8080 (http) with context path '/api'
2024-03-03T22:33:25.658+02:00  INFO 45453 --- [main] com.irembo.test.IremboTestApplication    : Started IremboTestApplication in 11.412 seconds (process running for 11.701)
2024-03-03T22:35:04.087+02:00  INFO 45453 --- [http-nio-8080-exec-1] o.a.c.c.C.[Tomcat].[localhost].[/api]    : Initializing Spring DispatcherServlet 'dispatcherServlet'
2024-03-03T22:35:04.088+02:00  INFO 45453 --- [http-nio-8080-exec-1] o.s.web.servlet.DispatcherServlet        : Initializing Servlet 'dispatcherServlet'
2024-03-03T22:35:04.089+02:00  INFO 45453 --- [http-nio-8080-exec-1] o.s.web.servlet.DispatcherServlet        : Completed initialization in 1 ms
2024-03-03T22:38:57.057+02:00  INFO 45453 --- [SpringApplicationShutdownHook] j.LocalContainerEntityManagerFactoryBean : Closing JPA EntityManagerFactory for persistence unit 'default'
2024-03-03T22:38:57.060+02:00  INFO 45453 --- [SpringApplicationShutdownHook] com.zaxxer.hikari.HikariDataSource       : HikariPool-1 - Shutdown initiated...
2024-03-03T22:38:59.100+02:00  INFO 45453 --- [SpringApplicationShutdownHook] com.zaxxer.hikari.HikariDataSource       : HikariPool-1 - Shutdown completed.
2024-03-03T22:39:04.660+02:00  INFO 45821 --- [main] com.irembo.test.IremboTestApplication    : Starting IremboTestApplication using Java 17.0.10 with PID 45821 (/Users/a1234/Desktop/projects/irembo-project-backend/target/classes started by a1234 in /Users/a1234/Desktop/projects/irembo-project-backend)
2024-03-03T22:39:04.661+02:00  INFO 45821 --- [main] com.irembo.test.IremboTestApplication    : No active profile set, falling back to 1 default profile: "default"
2024-03-03T22:39:05.264+02:00  INFO 45821 --- [main] .s.d.r.c.RepositoryConfigurationDelegate : Bootstrapping Spring Data JPA repositories in DEFAULT mode.
2024-03-03T22:39:05.317+02:00  INFO 45821 --- [main] .s.d.r.c.RepositoryConfigurationDelegate : Finished Spring Data repository scanning in 46 ms. Found 2 JPA repository interfaces.
2024-03-03T22:39:05.835+02:00  INFO 45821 --- [main] o.s.b.w.embedded.tomcat.TomcatWebServer  : Tomcat initialized with port(s): 8080 (http)
2024-03-03T22:39:05.848+02:00  INFO 45821 --- [main] o.apache.catalina.core.StandardService   : Starting service [Tomcat]
2024-03-03T22:39:05.848+02:00  INFO 45821 --- [main] o.apache.catalina.core.StandardEngine    : Starting Servlet engine: [Apache Tomcat/10.1.5]
2024-03-03T22:39:05.930+02:00  INFO 45821 --- [main] o.a.c.c.C.[Tomcat].[localhost].[/api]    : Initializing Spring embedded WebApplicationContext
2024-03-03T22:39:05.930+02:00  INFO 45821 --- [main] w.s.c.ServletWebServerApplicationContext : Root WebApplicationContext: initialization completed in 1224 ms
2024-03-03T22:39:06.056+02:00  INFO 45821 --- [main] o.hibernate.jpa.internal.util.LogHelper  : HHH000204: Processing PersistenceUnitInfo [name: default]
2024-03-03T22:39:06.116+02:00  INFO 45821 --- [main] org.hibernate.Version                    : HHH000412: Hibernate ORM core version 6.1.6.Final
2024-03-03T22:39:06.296+02:00  WARN 45821 --- [main] org.hibernate.orm.deprecation            : HHH90000021: Encountered deprecated setting [javax.persistence.sharedCache.mode], use [jakarta.persistence.sharedCache.mode] instead
2024-03-03T22:39:06.405+02:00  INFO 45821 --- [main] com.zaxxer.hikari.HikariDataSource       : HikariPool-1 - Starting...
2024-03-03T22:39:06.560+02:00  INFO 45821 --- [main] com.zaxxer.hikari.pool.HikariPool        : HikariPool-1 - Added connection org.postgresql.jdbc.PgConnection@76396509
2024-03-03T22:39:06.561+02:00  INFO 45821 --- [main] com.zaxxer.hikari.HikariDataSource       : HikariPool-1 - Start completed.
2024-03-03T22:39:06.660+02:00  INFO 45821 --- [main] SQL dialect                              : HHH000400: Using dialect: org.hibernate.dialect.PostgreSQLDialect
2024-03-03T22:39:07.875+02:00  WARN 45821 --- [main] o.h.engine.jdbc.spi.SqlExceptionHelper   : SQL Warning Code: 0, SQLState: 00000
2024-03-03T22:39:07.875+02:00  WARN 45821 --- [main] o.h.engine.jdbc.spi.SqlExceptionHelper   : constraint "uk_spsnwr241e9k9c8p5xl4k45ih" of relation "app_users" does not exist, skipping
2024-03-03T22:39:07.918+02:00  INFO 45821 --- [main] o.h.e.t.j.p.i.JtaPlatformInitiator       : HHH000490: Using JtaPlatform implementation: [org.hibernate.engine.transaction.jta.platform.internal.NoJtaPlatform]
2024-03-03T22:39:07.930+02:00  INFO 45821 --- [main] j.LocalContainerEntityManagerFactoryBean : Initialized JPA EntityManagerFactory for persistence unit 'default'
2024-03-03T22:39:08.402+02:00  WARN 45821 --- [main] JpaBaseConfiguration$JpaWebConfiguration : spring.jpa.open-in-view is enabled by default. Therefore, database queries may be performed during view rendering. Explicitly configure spring.jpa.open-in-view to disable this warning
2024-03-03T22:39:08.633+02:00  INFO 45821 --- [main] o.s.s.web.DefaultSecurityFilterChain     : Will secure any request with [org.springframework.security.web.session.DisableEncodeUrlFilter@57a0c261, org.springframework.security.web.context.request.async.WebAsyncManagerIntegrationFilter@5862dda4, org.springframework.security.web.context.SecurityContextHolderFilter@55315a00, org.springframework.security.web.header.HeaderWriterFilter@530df3ab, org.springframework.web.filter.CorsFilter@299ddfff, org.springframework.security.web.authentication.logout.LogoutFilter@35d3202b, com.irembo.test.security.JwtAuthenticationFilter@174cb0d8, org.springframework.security.web.savedrequest.RequestCacheAwareFilter@73a1a1b4, org.springframework.security.web.servletapi.SecurityContextHolderAwareRequestFilter@1958524b, org.springframework.security.web.authentication.AnonymousAuthenticationFilter@fe09374, org.springframework.security.web.session.SessionManagementFilter@3225d950, org.springframework.security.web.access.ExceptionTranslationFilter@43b2e7db, org.springframework.security.web.access.intercept.AuthorizationFilter@7fce1069]
2024-03-03T22:39:08.799+02:00  INFO 45821 --- [main] o.s.b.w.embedded.tomcat.TomcatWebServer  : Tomcat started on port(s): 8080 (http) with context path '/api'
2024-03-03T22:39:08.806+02:00  INFO 45821 --- [main] com.irembo.test.IremboTestApplication    : Started IremboTestApplication in 4.525 seconds (process running for 4.798)
2024-03-03T22:41:21.826+02:00  INFO 45821 --- [SpringApplicationShutdownHook] j.LocalContainerEntityManagerFactoryBean : Closing JPA EntityManagerFactory for persistence unit 'default'
2024-03-03T22:41:21.830+02:00  INFO 45821 --- [SpringApplicationShutdownHook] com.zaxxer.hikari.HikariDataSource       : HikariPool-1 - Shutdown initiated...
2024-03-03T22:41:21.833+02:00  INFO 45821 --- [SpringApplicationShutdownHook] com.zaxxer.hikari.HikariDataSource       : HikariPool-1 - Shutdown completed.
2024-03-03T22:41:30.365+02:00  INFO 45961 --- [main] com.irembo.test.IremboTestApplication    : Starting IremboTestApplication using Java 17.0.10 with PID 45961 (/Users/a1234/Desktop/projects/irembo-project-backend/target/classes started by a1234 in /Users/a1234/Desktop/projects/irembo-project-backend)
2024-03-03T22:41:30.367+02:00  INFO 45961 --- [main] com.irembo.test.IremboTestApplication    : No active profile set, falling back to 1 default profile: "default"
2024-03-03T22:41:31.144+02:00  INFO 45961 --- [main] .s.d.r.c.RepositoryConfigurationDelegate : Bootstrapping Spring Data JPA repositories in DEFAULT mode.
2024-03-03T22:41:31.202+02:00  INFO 45961 --- [main] .s.d.r.c.RepositoryConfigurationDelegate : Finished Spring Data repository scanning in 49 ms. Found 2 JPA repository interfaces.
2024-03-03T22:41:31.749+02:00  INFO 45961 --- [main] o.s.b.w.embedded.tomcat.TomcatWebServer  : Tomcat initialized with port(s): 8080 (http)
2024-03-03T22:41:31.762+02:00  INFO 45961 --- [main] o.apache.catalina.core.StandardService   : Starting service [Tomcat]
2024-03-03T22:41:31.763+02:00  INFO 45961 --- [main] o.apache.catalina.core.StandardEngine    : Starting Servlet engine: [Apache Tomcat/10.1.5]
2024-03-03T22:41:31.841+02:00  INFO 45961 --- [main] o.a.c.c.C.[Tomcat].[localhost].[/api]    : Initializing Spring embedded WebApplicationContext
2024-03-03T22:41:31.841+02:00  INFO 45961 --- [main] w.s.c.ServletWebServerApplicationContext : Root WebApplicationContext: initialization completed in 1430 ms
2024-03-03T22:41:31.967+02:00  INFO 45961 --- [main] o.hibernate.jpa.internal.util.LogHelper  : HHH000204: Processing PersistenceUnitInfo [name: default]
2024-03-03T22:41:32.027+02:00  INFO 45961 --- [main] org.hibernate.Version                    : HHH000412: Hibernate ORM core version 6.1.6.Final
2024-03-03T22:41:32.211+02:00  WARN 45961 --- [main] org.hibernate.orm.deprecation            : HHH90000021: Encountered deprecated setting [javax.persistence.sharedCache.mode], use [jakarta.persistence.sharedCache.mode] instead
2024-03-03T22:41:32.335+02:00  INFO 45961 --- [main] com.zaxxer.hikari.HikariDataSource       : HikariPool-1 - Starting...
2024-03-03T22:41:32.493+02:00  INFO 45961 --- [main] com.zaxxer.hikari.pool.HikariPool        : HikariPool-1 - Added connection org.postgresql.jdbc.PgConnection@76396509
2024-03-03T22:41:32.494+02:00  INFO 45961 --- [main] com.zaxxer.hikari.HikariDataSource       : HikariPool-1 - Start completed.
2024-03-03T22:41:32.549+02:00  INFO 45961 --- [main] SQL dialect                              : HHH000400: Using dialect: org.hibernate.dialect.PostgreSQLDialect
2024-03-03T22:41:33.498+02:00  INFO 45961 --- [main] o.h.e.t.j.p.i.JtaPlatformInitiator       : HHH000490: Using JtaPlatform implementation: [org.hibernate.engine.transaction.jta.platform.internal.NoJtaPlatform]
2024-03-03T22:41:33.514+02:00  INFO 45961 --- [main] j.LocalContainerEntityManagerFactoryBean : Initialized JPA EntityManagerFactory for persistence unit 'default'
2024-03-03T22:41:34.044+02:00  WARN 45961 --- [main] JpaBaseConfiguration$JpaWebConfiguration : spring.jpa.open-in-view is enabled by default. Therefore, database queries may be performed during view rendering. Explicitly configure spring.jpa.open-in-view to disable this warning
2024-03-03T22:41:34.657+02:00  INFO 45961 --- [main] o.s.s.web.DefaultSecurityFilterChain     : Will secure any request with [org.springframework.security.web.session.DisableEncodeUrlFilter@4504a4ed, org.springframework.security.web.context.request.async.WebAsyncManagerIntegrationFilter@7ee3a2ed, org.springframework.security.web.context.SecurityContextHolderFilter@2dfd157b, org.springframework.security.web.header.HeaderWriterFilter@2648aa1b, org.springframework.web.filter.CorsFilter@38363e96, org.springframework.security.web.authentication.logout.LogoutFilter@1e7113f8, com.irembo.test.security.JwtAuthenticationFilter@288b73c1, org.springframework.security.web.savedrequest.RequestCacheAwareFilter@46290193, org.springframework.security.web.servletapi.SecurityContextHolderAwareRequestFilter@5da2966, org.springframework.security.web.authentication.AnonymousAuthenticationFilter@35c95869, org.springframework.security.web.session.SessionManagementFilter@5703c1fb, org.springframework.security.web.access.ExceptionTranslationFilter@220f6a3c, org.springframework.security.web.access.intercept.AuthorizationFilter@41cf4272]
2024-03-03T22:41:34.923+02:00  INFO 45961 --- [main] o.s.b.w.embedded.tomcat.TomcatWebServer  : Tomcat started on port(s): 8080 (http) with context path '/api'
2024-03-03T22:41:34.937+02:00  INFO 45961 --- [main] com.irembo.test.IremboTestApplication    : Started IremboTestApplication in 4.962 seconds (process running for 5.268)
2024-03-03T22:41:50.121+02:00  INFO 45961 --- [http-nio-8080-exec-2] o.a.c.c.C.[Tomcat].[localhost].[/api]    : Initializing Spring DispatcherServlet 'dispatcherServlet'
2024-03-03T22:41:50.121+02:00  INFO 45961 --- [http-nio-8080-exec-2] o.s.web.servlet.DispatcherServlet        : Initializing Servlet 'dispatcherServlet'
2024-03-03T22:41:50.123+02:00  INFO 45961 --- [http-nio-8080-exec-2] o.s.web.servlet.DispatcherServlet        : Completed initialization in 2 ms
2024-03-03T22:51:27.968+02:00  INFO 45961 --- [SpringApplicationShutdownHook] j.LocalContainerEntityManagerFactoryBean : Closing JPA EntityManagerFactory for persistence unit 'default'
2024-03-03T22:51:27.971+02:00  INFO 45961 --- [SpringApplicationShutdownHook] com.zaxxer.hikari.HikariDataSource       : HikariPool-1 - Shutdown initiated...
2024-03-03T22:51:27.973+02:00  INFO 45961 --- [SpringApplicationShutdownHook] com.zaxxer.hikari.HikariDataSource       : HikariPool-1 - Shutdown completed.
2024-03-03T22:51:36.329+02:00  INFO 46538 --- [main] com.irembo.test.IremboTestApplication    : Starting IremboTestApplication using Java 17.0.10 with PID 46538 (/Users/a1234/Desktop/projects/irembo-project-backend/target/classes started by a1234 in /Users/a1234/Desktop/projects/irembo-project-backend)
2024-03-03T22:51:36.332+02:00  INFO 46538 --- [main] com.irembo.test.IremboTestApplication    : No active profile set, falling back to 1 default profile: "default"
2024-03-03T22:51:36.952+02:00  INFO 46538 --- [main] .s.d.r.c.RepositoryConfigurationDelegate : Bootstrapping Spring Data JPA repositories in DEFAULT mode.
2024-03-03T22:51:37.025+02:00  INFO 46538 --- [main] .s.d.r.c.RepositoryConfigurationDelegate : Finished Spring Data repository scanning in 64 ms. Found 2 JPA repository interfaces.
2024-03-03T22:51:37.571+02:00  INFO 46538 --- [main] o.s.b.w.embedded.tomcat.TomcatWebServer  : Tomcat initialized with port(s): 8080 (http)
2024-03-03T22:51:37.583+02:00  INFO 46538 --- [main] o.apache.catalina.core.StandardService   : Starting service [Tomcat]
2024-03-03T22:51:37.583+02:00  INFO 46538 --- [main] o.apache.catalina.core.StandardEngine    : Starting Servlet engine: [Apache Tomcat/10.1.5]
2024-03-03T22:51:37.663+02:00  INFO 46538 --- [main] o.a.c.c.C.[Tomcat].[localhost].[/api]    : Initializing Spring embedded WebApplicationContext
2024-03-03T22:51:37.664+02:00  INFO 46538 --- [main] w.s.c.ServletWebServerApplicationContext : Root WebApplicationContext: initialization completed in 1275 ms
2024-03-03T22:51:37.776+02:00  INFO 46538 --- [main] o.hibernate.jpa.internal.util.LogHelper  : HHH000204: Processing PersistenceUnitInfo [name: default]
2024-03-03T22:51:37.830+02:00  INFO 46538 --- [main] org.hibernate.Version                    : HHH000412: Hibernate ORM core version 6.1.6.Final
2024-03-03T22:51:38.044+02:00  WARN 46538 --- [main] org.hibernate.orm.deprecation            : HHH90000021: Encountered deprecated setting [javax.persistence.sharedCache.mode], use [jakarta.persistence.sharedCache.mode] instead
2024-03-03T22:51:38.170+02:00  INFO 46538 --- [main] com.zaxxer.hikari.HikariDataSource       : HikariPool-1 - Starting...
2024-03-03T22:51:38.646+02:00  INFO 46538 --- [main] com.zaxxer.hikari.pool.HikariPool        : HikariPool-1 - Added connection org.postgresql.jdbc.PgConnection@65da01f4
2024-03-03T22:51:38.647+02:00  INFO 46538 --- [main] com.zaxxer.hikari.HikariDataSource       : HikariPool-1 - Start completed.
2024-03-03T22:51:38.693+02:00  INFO 46538 --- [main] SQL dialect                              : HHH000400: Using dialect: org.hibernate.dialect.PostgreSQLDialect
2024-03-03T22:51:39.421+02:00  INFO 46538 --- [main] o.h.e.t.j.p.i.JtaPlatformInitiator       : HHH000490: Using JtaPlatform implementation: [org.hibernate.engine.transaction.jta.platform.internal.NoJtaPlatform]
2024-03-03T22:51:39.431+02:00  INFO 46538 --- [main] j.LocalContainerEntityManagerFactoryBean : Initialized JPA EntityManagerFactory for persistence unit 'default'
2024-03-03T22:51:39.902+02:00  WARN 46538 --- [main] JpaBaseConfiguration$JpaWebConfiguration : spring.jpa.open-in-view is enabled by default. Therefore, database queries may be performed during view rendering. Explicitly configure spring.jpa.open-in-view to disable this warning
2024-03-03T22:51:40.137+02:00  INFO 46538 --- [main] o.s.s.web.DefaultSecurityFilterChain     : Will secure any request with [org.springframework.security.web.session.DisableEncodeUrlFilter@7741507c, org.springframework.security.web.context.request.async.WebAsyncManagerIntegrationFilter@37a0fc8c, org.springframework.security.web.context.SecurityContextHolderFilter@4ba1f425, org.springframework.security.web.header.HeaderWriterFilter@29fc83c5, org.springframework.web.filter.CorsFilter@1ba3c03d, org.springframework.security.web.authentication.logout.LogoutFilter@7872e91f, com.irembo.test.security.JwtAuthenticationFilter@4dd752e8, org.springframework.security.web.savedrequest.RequestCacheAwareFilter@73fe7483, org.springframework.security.web.servletapi.SecurityContextHolderAwareRequestFilter@5703c1fb, org.springframework.security.web.authentication.AnonymousAuthenticationFilter@9a37591, org.springframework.security.web.session.SessionManagementFilter@4f55a864, org.springframework.security.web.access.ExceptionTranslationFilter@58c36104, org.springframework.security.web.access.intercept.AuthorizationFilter@af94b0b]
2024-03-03T22:51:40.313+02:00  INFO 46538 --- [main] o.s.b.w.embedded.tomcat.TomcatWebServer  : Tomcat started on port(s): 8080 (http) with context path '/api'
2024-03-03T22:51:40.321+02:00  INFO 46538 --- [main] com.irembo.test.IremboTestApplication    : Started IremboTestApplication in 4.63 seconds (process running for 4.94)
2024-03-03T22:51:41.193+02:00  INFO 46538 --- [http-nio-8080-exec-1] o.a.c.c.C.[Tomcat].[localhost].[/api]    : Initializing Spring DispatcherServlet 'dispatcherServlet'
2024-03-03T22:51:41.193+02:00  INFO 46538 --- [http-nio-8080-exec-1] o.s.web.servlet.DispatcherServlet        : Initializing Servlet 'dispatcherServlet'
2024-03-03T22:51:41.194+02:00  INFO 46538 --- [http-nio-8080-exec-1] o.s.web.servlet.DispatcherServlet        : Completed initialization in 0 ms
2024-03-03T22:51:52.168+02:00  WARN 46538 --- [http-nio-8080-exec-4] o.h.engine.jdbc.spi.SqlExceptionHelper   : SQL Error: 0, SQLState: 23505
2024-03-03T22:51:52.168+02:00 ERROR 46538 --- [http-nio-8080-exec-4] o.h.engine.jdbc.spi.SqlExceptionHelper   : ERROR: duplicate key value violates unique constraint "uk_spsnwr241e9k9c8p5xl4k45ih"
  Detail: Key (username)=(chris) already exists.
2024-03-03T22:53:09.105+02:00  INFO 46538 --- [SpringApplicationShutdownHook] j.LocalContainerEntityManagerFactoryBean : Closing JPA EntityManagerFactory for persistence unit 'default'
2024-03-03T22:53:09.107+02:00  INFO 46538 --- [SpringApplicationShutdownHook] com.zaxxer.hikari.HikariDataSource       : HikariPool-1 - Shutdown initiated...
2024-03-03T22:53:09.110+02:00  INFO 46538 --- [SpringApplicationShutdownHook] com.zaxxer.hikari.HikariDataSource       : HikariPool-1 - Shutdown completed.
